{"C:\\ReactJS Program\\React Quiz App\\react-quiz-app\\src\\App.tsx": {"path":"C:\\ReactJS Program\\React Quiz App\\react-quiz-app\\src\\App.tsx","statementMap":{"0":{"start":{"line":8,"column":23},"end":{"line":8,"column":53}},"1":{"start":{"line":10,"column":2},"end":{"line":10,"column":78}}},"fnMap":{"0":{"name":"App","decl":{"start":{"line":7,"column":9},"end":{"line":7,"column":12}},"loc":{"start":{"line":7,"column":15},"end":{"line":11,"column":1}},"line":7}},"branchMap":{"0":{"loc":{"start":{"line":10,"column":32},"end":{"line":10,"column":70}},"type":"cond-expr","locations":[{"start":{"line":10,"column":43},"end":{"line":10,"column":55}},{"start":{"line":10,"column":58},"end":{"line":10,"column":70}}],"line":10}},"s":{"0":2,"1":2},"f":{"0":2},"b":{"0":[1,1]},"_coverageSchema":"1a1c01bbd47fc00a2c39e90264f33305004495a9","hash":"238879cccbd477ab3c3873ddbc9c0a6d9484e7a6"}
,"C:\\ReactJS Program\\React Quiz App\\react-quiz-app\\src\\main.tsx": {"path":"C:\\ReactJS Program\\React Quiz App\\react-quiz-app\\src\\main.tsx","statementMap":{"0":{"start":{"line":8,"column":0},"end":{"line":14,"column":2}}},"fnMap":{},"branchMap":{},"s":{"0":0},"f":{},"b":{}}
,"C:\\ReactJS Program\\React Quiz App\\react-quiz-app\\src\\Pages\\HomePage\\HomePage.tsx": {"path":"C:\\ReactJS Program\\React Quiz App\\react-quiz-app\\src\\Pages\\HomePage\\HomePage.tsx","statementMap":{"0":{"start":{"line":13,"column":19},"end":{"line":13,"column":35}},"1":{"start":{"line":14,"column":45},"end":{"line":14,"column":75}},"2":{"start":{"line":17,"column":4},"end":{"line":19,"column":10}},"3":{"start":{"line":22,"column":4},"end":{"line":24,"column":10}},"4":{"start":{"line":26,"column":14},"end":{"line":26,"column":81}},"5":{"start":{"line":29,"column":4},"end":{"line":34,"column":5}},"6":{"start":{"line":30,"column":27},"end":{"line":30,"column":58}},"7":{"start":{"line":31,"column":6},"end":{"line":31,"column":51}},"8":{"start":{"line":33,"column":6},"end":{"line":33,"column":27}},"9":{"start":{"line":38,"column":4},"end":{"line":38,"column":31}},"10":{"start":{"line":40,"column":4},"end":{"line":43,"column":5}},"11":{"start":{"line":41,"column":6},"end":{"line":41,"column":23}},"12":{"start":{"line":42,"column":6},"end":{"line":42,"column":38}},"13":{"start":{"line":46,"column":2},"end":{"line":65,"column":4}}},"fnMap":{"0":{"name":"HomePage","decl":{"start":{"line":12,"column":9},"end":{"line":12,"column":17}},"loc":{"start":{"line":12,"column":20},"end":{"line":66,"column":1}},"line":12},"1":{"name":"fetchQuestions","decl":{"start":{"line":28,"column":17},"end":{"line":28,"column":31}},"loc":{"start":{"line":28,"column":34},"end":{"line":35,"column":3}},"line":28},"2":{"name":"handleStart","decl":{"start":{"line":37,"column":11},"end":{"line":37,"column":22}},"loc":{"start":{"line":37,"column":25},"end":{"line":44,"column":3}},"line":37}},"branchMap":{"0":{"loc":{"start":{"line":17,"column":4},"end":{"line":19,"column":10}},"type":"cond-expr","locations":[{"start":{"line":18,"column":8},"end":{"line":18,"column":49}},{"start":{"line":19,"column":8},"end":{"line":19,"column":10}}],"line":17},"1":{"loc":{"start":{"line":22,"column":4},"end":{"line":24,"column":10}},"type":"cond-expr","locations":[{"start":{"line":23,"column":8},"end":{"line":23,"column":36}},{"start":{"line":24,"column":8},"end":{"line":24,"column":10}}],"line":22},"2":{"loc":{"start":{"line":40,"column":4},"end":{"line":43,"column":5}},"type":"if","locations":[{"start":{"line":40,"column":4},"end":{"line":43,"column":5}},{"start":{},"end":{}}],"line":40}},"s":{"0":3,"1":3,"2":3,"3":3,"4":3,"5":1,"6":1,"7":0,"8":0,"9":1,"10":1,"11":1,"12":1,"13":3},"f":{"0":3,"1":1,"2":1},"b":{"0":[1,2],"1":[1,2],"2":[1,0]},"_coverageSchema":"1a1c01bbd47fc00a2c39e90264f33305004495a9","hash":"0c3afb909f321dafbfd9394eb1236c8e7ff17117"}
,"C:\\ReactJS Program\\React Quiz App\\react-quiz-app\\src\\Pages\\QuizPage\\QuizPage.tsx": {"path":"C:\\ReactJS Program\\React Quiz App\\react-quiz-app\\src\\Pages\\QuizPage\\QuizPage.tsx","statementMap":{"0":{"start":{"line":19,"column":19},"end":{"line":19,"column":35}},"1":{"start":{"line":21,"column":4},"end":{"line":21,"column":34}},"2":{"start":{"line":22,"column":20},"end":{"line":22,"column":51}},"3":{"start":{"line":24,"column":20},"end":{"line":30,"column":3}},"4":{"start":{"line":25,"column":4},"end":{"line":25,"column":31}},"5":{"start":{"line":26,"column":4},"end":{"line":26,"column":31}},"6":{"start":{"line":27,"column":4},"end":{"line":27,"column":32}},"7":{"start":{"line":28,"column":4},"end":{"line":28,"column":32}},"8":{"start":{"line":29,"column":4},"end":{"line":29,"column":27}},"9":{"start":{"line":32,"column":26},"end":{"line":39,"column":3}},"10":{"start":{"line":33,"column":4},"end":{"line":37,"column":5}},"11":{"start":{"line":34,"column":6},"end":{"line":34,"column":38}},"12":{"start":{"line":36,"column":6},"end":{"line":36,"column":18}},"13":{"start":{"line":38,"column":4},"end":{"line":38,"column":32}},"14":{"start":{"line":41,"column":2},"end":{"line":80,"column":4}}},"fnMap":{"0":{"name":"QuizPage","decl":{"start":{"line":18,"column":9},"end":{"line":18,"column":17}},"loc":{"start":{"line":18,"column":20},"end":{"line":81,"column":1}},"line":18},"1":{"name":"(anonymous_1)","decl":{"start":{"line":24,"column":20},"end":{"line":24,"column":21}},"loc":{"start":{"line":24,"column":26},"end":{"line":30,"column":3}},"line":24},"2":{"name":"(anonymous_2)","decl":{"start":{"line":32,"column":26},"end":{"line":32,"column":27}},"loc":{"start":{"line":32,"column":32},"end":{"line":39,"column":3}},"line":32}},"branchMap":{"0":{"loc":{"start":{"line":33,"column":4},"end":{"line":37,"column":5}},"type":"if","locations":[{"start":{"line":33,"column":4},"end":{"line":37,"column":5}},{"start":{"line":35,"column":11},"end":{"line":37,"column":5}}],"line":33},"1":{"loc":{"start":{"line":48,"column":7},"end":{"line":78,"column":7}},"type":"cond-expr","locations":[{"start":{"line":49,"column":8},"end":{"line":73,"column":11}},{"start":{"line":75,"column":8},"end":{"line":77,"column":14}}],"line":48},"2":{"loc":{"start":{"line":65,"column":24},"end":{"line":65,"column":50}},"type":"binary-expr","locations":[{"start":{"line":65,"column":24},"end":{"line":65,"column":35}},{"start":{"line":65,"column":39},"end":{"line":65,"column":50}}],"line":65},"3":{"loc":{"start":{"line":67,"column":15},"end":{"line":67,"column":70}},"type":"cond-expr","locations":[{"start":{"line":67,"column":53},"end":{"line":67,"column":61}},{"start":{"line":67,"column":64},"end":{"line":67,"column":70}}],"line":67}},"s":{"0":6,"1":6,"2":6,"3":6,"4":2,"5":2,"6":2,"7":2,"8":2,"9":6,"10":2,"11":1,"12":1,"13":2,"14":6},"f":{"0":6,"1":2,"2":2},"b":{"0":[1,1],"1":[5,1],"2":[5,2],"3":[2,3]},"_coverageSchema":"1a1c01bbd47fc00a2c39e90264f33305004495a9","hash":"abb5424eec9c33eb8d004c4e22d8aa86dbcf5bd2"}
,"C:\\ReactJS Program\\React Quiz App\\react-quiz-app\\src\\app\\redux-hooks.ts": {"path":"C:\\ReactJS Program\\React Quiz App\\react-quiz-app\\src\\app\\redux-hooks.ts","statementMap":{"0":{"start":{"line":3,"column":30},"end":{"line":3,"column":49}},"1":{"start":{"line":3,"column":36},"end":{"line":3,"column":49}},"2":{"start":{"line":4,"column":30},"end":{"line":4,"column":41}}},"fnMap":{"0":{"name":"(anonymous_0)","decl":{"start":{"line":3,"column":30},"end":{"line":3,"column":31}},"loc":{"start":{"line":3,"column":36},"end":{"line":3,"column":49}},"line":3}},"branchMap":{},"s":{"0":5,"1":5,"2":5},"f":{"0":5},"b":{},"_coverageSchema":"1a1c01bbd47fc00a2c39e90264f33305004495a9","hash":"d9ff2672874c9436f5dc64d65dc5c986dad6a06c"}
,"C:\\ReactJS Program\\React Quiz App\\react-quiz-app\\src\\app\\store.ts": {"path":"C:\\ReactJS Program\\React Quiz App\\react-quiz-app\\src\\app\\store.ts","statementMap":{"0":{"start":{"line":5,"column":21},"end":{"line":10,"column":2}}},"fnMap":{},"branchMap":{},"s":{"0":6},"f":{},"b":{},"_coverageSchema":"1a1c01bbd47fc00a2c39e90264f33305004495a9","hash":"8cf88c5d93a3b55995dd1103a5eeb86dd30554cb"}
,"C:\\ReactJS Program\\React Quiz App\\react-quiz-app\\src\\app\\test-app-selector.ts": {"path":"C:\\ReactJS Program\\React Quiz App\\react-quiz-app\\src\\app\\test-app-selector.ts","statementMap":{"0":{"start":{"line":1,"column":28},"end":{"line":11,"column":1}},"1":{"start":{"line":13,"column":31},"end":{"line":13,"column":58}},"2":{"start":{"line":13,"column":43},"end":{"line":13,"column":58}}},"fnMap":{"0":{"name":"(anonymous_0)","decl":{"start":{"line":13,"column":31},"end":{"line":13,"column":32}},"loc":{"start":{"line":13,"column":43},"end":{"line":13,"column":58}},"line":13}},"branchMap":{},"s":{"0":1,"1":1,"2":10},"f":{"0":10},"b":{},"_coverageSchema":"1a1c01bbd47fc00a2c39e90264f33305004495a9","hash":"1da93640ebf26c06fd7701004049d68b3d2a3a0e"}
,"C:\\ReactJS Program\\React Quiz App\\react-quiz-app\\src\\assets\\SelectBoxData.ts": {"path":"C:\\ReactJS Program\\React Quiz App\\react-quiz-app\\src\\assets\\SelectBoxData.ts","statementMap":{"0":{"start":{"line":1,"column":28},"end":{"line":1,"column":72}},"1":{"start":{"line":2,"column":26},"end":{"line":28,"column":1}}},"fnMap":{},"branchMap":{},"s":{"0":8,"1":8},"f":{},"b":{},"_coverageSchema":"1a1c01bbd47fc00a2c39e90264f33305004495a9","hash":"4d59400640161307b3962b60a2bfa5084bba99f9"}
,"C:\\ReactJS Program\\React Quiz App\\react-quiz-app\\src\\components\\CircularProgressbar\\CircularProgressbar.tsx": {"path":"C:\\ReactJS Program\\React Quiz App\\react-quiz-app\\src\\components\\CircularProgressbar\\CircularProgressbar.tsx","statementMap":{"0":{"start":{"line":5,"column":46},"end":{"line":5,"column":51}},"1":{"start":{"line":6,"column":24},"end":{"line":6,"column":40}},"2":{"start":{"line":7,"column":14},"end":{"line":7,"column":46}},"3":{"start":{"line":8,"column":26},"end":{"line":8,"column":52}},"4":{"start":{"line":10,"column":2},"end":{"line":37,"column":4}}},"fnMap":{"0":{"name":"CircularProgressbar","decl":{"start":{"line":4,"column":9},"end":{"line":4,"column":28}},"loc":{"start":{"line":4,"column":62},"end":{"line":38,"column":1}},"line":4}},"branchMap":{},"s":{"0":11,"1":11,"2":11,"3":11,"4":11},"f":{"0":11},"b":{},"_coverageSchema":"1a1c01bbd47fc00a2c39e90264f33305004495a9","hash":"bc554096248fcc83d66b815f2594ed2a14fd013e"}
,"C:\\ReactJS Program\\React Quiz App\\react-quiz-app\\src\\components\\Quiz\\Quiz.tsx": {"path":"C:\\ReactJS Program\\React Quiz App\\react-quiz-app\\src\\components\\Quiz\\Quiz.tsx","statementMap":{"0":{"start":{"line":18,"column":39},"end":{"line":18,"column":44}},"1":{"start":{"line":19,"column":19},"end":{"line":19,"column":35}},"2":{"start":{"line":20,"column":34},"end":{"line":20,"column":64}},"3":{"start":{"line":21,"column":20},"end":{"line":21,"column":51}},"4":{"start":{"line":22,"column":58},"end":{"line":22,"column":70}},"5":{"start":{"line":24,"column":2},"end":{"line":28,"column":21}},"6":{"start":{"line":25,"column":4},"end":{"line":27,"column":54}},"7":{"start":{"line":27,"column":26},"end":{"line":27,"column":51}},"8":{"start":{"line":30,"column":2},"end":{"line":33,"column":19}},"9":{"start":{"line":31,"column":4},"end":{"line":31,"column":65}},"10":{"start":{"line":35,"column":2},"end":{"line":40,"column":19}},"11":{"start":{"line":36,"column":4},"end":{"line":38,"column":5}},"12":{"start":{"line":37,"column":6},"end":{"line":37,"column":33}},"13":{"start":{"line":42,"column":29},"end":{"line":74,"column":3}},"14":{"start":{"line":43,"column":21},"end":{"line":65,"column":5}},"15":{"start":{"line":67,"column":4},"end":{"line":71,"column":8}},"16":{"start":{"line":67,"column":17},"end":{"line":67,"column":18}},"17":{"start":{"line":68,"column":6},"end":{"line":71,"column":8}},"18":{"start":{"line":73,"column":4},"end":{"line":73,"column":16}},"19":{"start":{"line":76,"column":22},"end":{"line":89,"column":3}},"20":{"start":{"line":77,"column":4},"end":{"line":88,"column":5}},"21":{"start":{"line":78,"column":38},"end":{"line":78,"column":53}},"22":{"start":{"line":79,"column":32},"end":{"line":79,"column":59}},"23":{"start":{"line":81,"column":6},"end":{"line":85,"column":7}},"24":{"start":{"line":82,"column":8},"end":{"line":82,"column":48}},"25":{"start":{"line":84,"column":8},"end":{"line":84,"column":50}},"26":{"start":{"line":87,"column":6},"end":{"line":87,"column":40}},"27":{"start":{"line":91,"column":26},"end":{"line":92,"column":66}},"28":{"start":{"line":92,"column":4},"end":{"line":92,"column":66}},"29":{"start":{"line":94,"column":28},"end":{"line":95,"column":78}},"30":{"start":{"line":95,"column":4},"end":{"line":95,"column":78}},"31":{"start":{"line":97,"column":2},"end":{"line":125,"column":4}},"32":{"start":{"line":104,"column":10},"end":{"line":121,"column":16}}},"fnMap":{"0":{"name":"Quiz","decl":{"start":{"line":17,"column":9},"end":{"line":17,"column":13}},"loc":{"start":{"line":17,"column":32},"end":{"line":126,"column":1}},"line":17},"1":{"name":"(anonymous_1)","decl":{"start":{"line":24,"column":12},"end":{"line":24,"column":13}},"loc":{"start":{"line":24,"column":18},"end":{"line":28,"column":3}},"line":24},"2":{"name":"(anonymous_2)","decl":{"start":{"line":27,"column":15},"end":{"line":27,"column":16}},"loc":{"start":{"line":27,"column":26},"end":{"line":27,"column":51}},"line":27},"3":{"name":"(anonymous_3)","decl":{"start":{"line":30,"column":12},"end":{"line":30,"column":13}},"loc":{"start":{"line":30,"column":18},"end":{"line":33,"column":3}},"line":30},"4":{"name":"(anonymous_4)","decl":{"start":{"line":35,"column":12},"end":{"line":35,"column":13}},"loc":{"start":{"line":35,"column":18},"end":{"line":40,"column":3}},"line":35},"5":{"name":"(anonymous_5)","decl":{"start":{"line":42,"column":29},"end":{"line":42,"column":30}},"loc":{"start":{"line":42,"column":47},"end":{"line":74,"column":3}},"line":42},"6":{"name":"(anonymous_6)","decl":{"start":{"line":76,"column":22},"end":{"line":76,"column":23}},"loc":{"start":{"line":76,"column":75},"end":{"line":89,"column":3}},"line":76},"7":{"name":"(anonymous_7)","decl":{"start":{"line":91,"column":26},"end":{"line":91,"column":27}},"loc":{"start":{"line":92,"column":4},"end":{"line":92,"column":66}},"line":92},"8":{"name":"(anonymous_8)","decl":{"start":{"line":94,"column":28},"end":{"line":94,"column":29}},"loc":{"start":{"line":95,"column":4},"end":{"line":95,"column":78}},"line":95},"9":{"name":"(anonymous_9)","decl":{"start":{"line":103,"column":22},"end":{"line":103,"column":23}},"loc":{"start":{"line":104,"column":10},"end":{"line":121,"column":16}},"line":104}},"branchMap":{"0":{"loc":{"start":{"line":36,"column":4},"end":{"line":38,"column":5}},"type":"if","locations":[{"start":{"line":36,"column":4},"end":{"line":38,"column":5}},{"start":{},"end":{}}],"line":36},"1":{"loc":{"start":{"line":77,"column":4},"end":{"line":88,"column":5}},"type":"if","locations":[{"start":{"line":77,"column":4},"end":{"line":88,"column":5}},{"start":{},"end":{}}],"line":77},"2":{"loc":{"start":{"line":77,"column":8},"end":{"line":77,"column":34}},"type":"binary-expr","locations":[{"start":{"line":77,"column":8},"end":{"line":77,"column":19}},{"start":{"line":77,"column":23},"end":{"line":77,"column":34}}],"line":77},"3":{"loc":{"start":{"line":81,"column":6},"end":{"line":85,"column":7}},"type":"if","locations":[{"start":{"line":81,"column":6},"end":{"line":85,"column":7}},{"start":{"line":83,"column":13},"end":{"line":85,"column":7}}],"line":81},"4":{"loc":{"start":{"line":92,"column":4},"end":{"line":92,"column":66}},"type":"binary-expr","locations":[{"start":{"line":92,"column":5},"end":{"line":92,"column":17}},{"start":{"line":92,"column":21},"end":{"line":92,"column":32}},{"start":{"line":92,"column":37},"end":{"line":92,"column":66}}],"line":92},"5":{"loc":{"start":{"line":95,"column":4},"end":{"line":95,"column":78}},"type":"binary-expr","locations":[{"start":{"line":95,"column":4},"end":{"line":95,"column":16}},{"start":{"line":95,"column":20},"end":{"line":95,"column":49}},{"start":{"line":95,"column":53},"end":{"line":95,"column":78}}],"line":95},"6":{"loc":{"start":{"line":107,"column":32},"end":{"line":107,"column":73}},"type":"cond-expr","locations":[{"start":{"line":107,"column":58},"end":{"line":107,"column":68}},{"start":{"line":107,"column":71},"end":{"line":107,"column":73}}],"line":107},"7":{"loc":{"start":{"line":111,"column":15},"end":{"line":116,"column":15}},"type":"binary-expr","locations":[{"start":{"line":111,"column":15},"end":{"line":111,"column":38}},{"start":{"line":112,"column":16},"end":{"line":115,"column":18}}],"line":111},"8":{"loc":{"start":{"line":117,"column":15},"end":{"line":119,"column":15}},"type":"binary-expr","locations":[{"start":{"line":117,"column":15},"end":{"line":117,"column":40}},{"start":{"line":118,"column":16},"end":{"line":118,"column":77}}],"line":117}},"s":{"0":10,"1":10,"2":10,"3":10,"4":10,"5":10,"6":8,"7":12,"8":10,"9":8,"10":10,"11":10,"12":3,"13":10,"14":30,"15":30,"16":30,"17":630,"18":30,"19":10,"20":2,"21":2,"22":2,"23":2,"24":1,"25":1,"26":2,"27":10,"28":40,"29":10,"30":20,"31":10,"32":20},"f":{"0":10,"1":8,"2":12,"3":8,"4":10,"5":30,"6":2,"7":40,"8":20,"9":20},"b":{"0":[3,7],"1":[2,0],"2":[2,2],"3":[1,1],"4":[40,24,16],"5":[20,8,4],"6":[2,18],"7":[20,2],"8":[20,1]},"_coverageSchema":"1a1c01bbd47fc00a2c39e90264f33305004495a9","hash":"074165145e6ed7c18d8d6c0276939d09c76eb0b8"}
,"C:\\ReactJS Program\\React Quiz App\\react-quiz-app\\src\\components\\SelectBox\\SelectBox.tsx": {"path":"C:\\ReactJS Program\\React Quiz App\\react-quiz-app\\src\\components\\SelectBox\\SelectBox.tsx","statementMap":{"0":{"start":{"line":20,"column":44},"end":{"line":20,"column":49}},"1":{"start":{"line":22,"column":19},"end":{"line":22,"column":35}},"2":{"start":{"line":23,"column":35},"end":{"line":23,"column":65}},"3":{"start":{"line":25,"column":42},"end":{"line":27,"column":3}},"4":{"start":{"line":29,"column":2},"end":{"line":32,"column":19}},"5":{"start":{"line":30,"column":4},"end":{"line":30,"column":50}},"6":{"start":{"line":34,"column":23},"end":{"line":44,"column":3}},"7":{"start":{"line":35,"column":22},"end":{"line":35,"column":34}},"8":{"start":{"line":37,"column":4},"end":{"line":41,"column":5}},"9":{"start":{"line":38,"column":6},"end":{"line":38,"column":51}},"10":{"start":{"line":40,"column":6},"end":{"line":40,"column":35}},"11":{"start":{"line":43,"column":4},"end":{"line":43,"column":27}},"12":{"start":{"line":46,"column":2},"end":{"line":65,"column":4}},"13":{"start":{"line":58,"column":12},"end":{"line":60,"column":23}}},"fnMap":{"0":{"name":"SelectBox","decl":{"start":{"line":19,"column":24},"end":{"line":19,"column":33}},"loc":{"start":{"line":19,"column":57},"end":{"line":66,"column":1}},"line":19},"1":{"name":"(anonymous_1)","decl":{"start":{"line":29,"column":12},"end":{"line":29,"column":13}},"loc":{"start":{"line":29,"column":18},"end":{"line":32,"column":3}},"line":29},"2":{"name":"(anonymous_2)","decl":{"start":{"line":34,"column":23},"end":{"line":34,"column":24}},"loc":{"start":{"line":34,"column":53},"end":{"line":44,"column":3}},"line":34},"3":{"name":"(anonymous_3)","decl":{"start":{"line":57,"column":20},"end":{"line":57,"column":21}},"loc":{"start":{"line":58,"column":12},"end":{"line":60,"column":23}},"line":58}},"branchMap":{"0":{"loc":{"start":{"line":26,"column":4},"end":{"line":26,"column":78}},"type":"cond-expr","locations":[{"start":{"line":26,"column":28},"end":{"line":26,"column":56}},{"start":{"line":26,"column":59},"end":{"line":26,"column":78}}],"line":26},"1":{"loc":{"start":{"line":26,"column":59},"end":{"line":26,"column":78}},"type":"binary-expr","locations":[{"start":{"line":26,"column":59},"end":{"line":26,"column":72}},{"start":{"line":26,"column":76},"end":{"line":26,"column":78}}],"line":26},"2":{"loc":{"start":{"line":30,"column":22},"end":{"line":30,"column":47}},"type":"binary-expr","locations":[{"start":{"line":30,"column":22},"end":{"line":30,"column":41}},{"start":{"line":30,"column":45},"end":{"line":30,"column":47}}],"line":30},"3":{"loc":{"start":{"line":37,"column":4},"end":{"line":41,"column":5}},"type":"if","locations":[{"start":{"line":37,"column":4},"end":{"line":41,"column":5}},{"start":{"line":39,"column":11},"end":{"line":41,"column":5}}],"line":37}},"s":{"0":11,"1":11,"2":11,"3":11,"4":11,"5":9,"6":11,"7":2,"8":2,"9":1,"10":1,"11":2,"12":11,"13":102},"f":{"0":11,"1":9,"2":2,"3":102},"b":{"0":[5,6],"1":[6,0],"2":[9,4],"3":[1,1]},"_coverageSchema":"1a1c01bbd47fc00a2c39e90264f33305004495a9","hash":"c9ab141f75cd4201f9ce3a3aa85a699d5b006af1"}
,"C:\\ReactJS Program\\React Quiz App\\react-quiz-app\\src\\components\\Timer\\Timer.tsx": {"path":"C:\\ReactJS Program\\React Quiz App\\react-quiz-app\\src\\components\\Timer\\Timer.tsx","statementMap":{"0":{"start":{"line":14,"column":53},"end":{"line":14,"column":58}},"1":{"start":{"line":15,"column":19},"end":{"line":15,"column":32}},"2":{"start":{"line":16,"column":25},"end":{"line":16,"column":52}},"3":{"start":{"line":17,"column":20},"end":{"line":17,"column":48}},"4":{"start":{"line":18,"column":19},"end":{"line":18,"column":41}},"5":{"start":{"line":20,"column":2},"end":{"line":27,"column":35}},"6":{"start":{"line":21,"column":4},"end":{"line":23,"column":5}},"7":{"start":{"line":22,"column":6},"end":{"line":22,"column":20}},"8":{"start":{"line":25,"column":4},"end":{"line":25,"column":31}},"9":{"start":{"line":25,"column":17},"end":{"line":25,"column":30}},"10":{"start":{"line":29,"column":2},"end":{"line":33,"column":19}},"11":{"start":{"line":30,"column":4},"end":{"line":32,"column":5}},"12":{"start":{"line":31,"column":6},"end":{"line":31,"column":38}},"13":{"start":{"line":35,"column":22},"end":{"line":51,"column":3}},"14":{"start":{"line":36,"column":20},"end":{"line":36,"column":77}},"15":{"start":{"line":38,"column":4},"end":{"line":38,"column":50}},"16":{"start":{"line":40,"column":4},"end":{"line":50,"column":13}},"17":{"start":{"line":41,"column":26},"end":{"line":41,"column":46}},"18":{"start":{"line":42,"column":28},"end":{"line":42,"column":62}},"19":{"start":{"line":43,"column":31},"end":{"line":43,"column":62}},"20":{"start":{"line":45,"column":6},"end":{"line":47,"column":7}},"21":{"start":{"line":46,"column":8},"end":{"line":46,"column":40}},"22":{"start":{"line":49,"column":6},"end":{"line":49,"column":43}},"23":{"start":{"line":53,"column":22},"end":{"line":56,"column":3}},"24":{"start":{"line":54,"column":4},"end":{"line":54,"column":36}},"25":{"start":{"line":55,"column":4},"end":{"line":55,"column":50}},"26":{"start":{"line":58,"column":2},"end":{"line":66,"column":4}}},"fnMap":{"0":{"name":"Timer","decl":{"start":{"line":13,"column":9},"end":{"line":13,"column":14}},"loc":{"start":{"line":13,"column":34},"end":{"line":67,"column":1}},"line":13},"1":{"name":"(anonymous_1)","decl":{"start":{"line":20,"column":12},"end":{"line":20,"column":13}},"loc":{"start":{"line":20,"column":18},"end":{"line":27,"column":3}},"line":20},"2":{"name":"(anonymous_2)","decl":{"start":{"line":25,"column":11},"end":{"line":25,"column":12}},"loc":{"start":{"line":25,"column":17},"end":{"line":25,"column":30}},"line":25},"3":{"name":"(anonymous_3)","decl":{"start":{"line":29,"column":12},"end":{"line":29,"column":13}},"loc":{"start":{"line":29,"column":18},"end":{"line":33,"column":3}},"line":29},"4":{"name":"(anonymous_4)","decl":{"start":{"line":35,"column":22},"end":{"line":35,"column":23}},"loc":{"start":{"line":35,"column":28},"end":{"line":51,"column":3}},"line":35},"5":{"name":"(anonymous_5)","decl":{"start":{"line":40,"column":35},"end":{"line":40,"column":36}},"loc":{"start":{"line":40,"column":41},"end":{"line":50,"column":5}},"line":40},"6":{"name":"(anonymous_6)","decl":{"start":{"line":53,"column":22},"end":{"line":53,"column":23}},"loc":{"start":{"line":53,"column":28},"end":{"line":56,"column":3}},"line":53}},"branchMap":{"0":{"loc":{"start":{"line":21,"column":4},"end":{"line":23,"column":5}},"type":"if","locations":[{"start":{"line":21,"column":4},"end":{"line":23,"column":5}},{"start":{},"end":{}}],"line":21},"1":{"loc":{"start":{"line":30,"column":4},"end":{"line":32,"column":5}},"type":"if","locations":[{"start":{"line":30,"column":4},"end":{"line":32,"column":5}},{"start":{},"end":{}}],"line":30},"2":{"loc":{"start":{"line":36,"column":44},"end":{"line":36,"column":69}},"type":"binary-expr","locations":[{"start":{"line":36,"column":44},"end":{"line":36,"column":63}},{"start":{"line":36,"column":67},"end":{"line":36,"column":69}}],"line":36},"3":{"loc":{"start":{"line":38,"column":22},"end":{"line":38,"column":47}},"type":"binary-expr","locations":[{"start":{"line":38,"column":22},"end":{"line":38,"column":41}},{"start":{"line":38,"column":45},"end":{"line":38,"column":47}}],"line":38},"4":{"loc":{"start":{"line":45,"column":6},"end":{"line":47,"column":7}},"type":"if","locations":[{"start":{"line":45,"column":6},"end":{"line":47,"column":7}},{"start":{},"end":{}}],"line":45},"5":{"loc":{"start":{"line":55,"column":22},"end":{"line":55,"column":47}},"type":"binary-expr","locations":[{"start":{"line":55,"column":22},"end":{"line":55,"column":41}},{"start":{"line":55,"column":45},"end":{"line":55,"column":47}}],"line":55},"6":{"loc":{"start":{"line":63,"column":29},"end":{"line":63,"column":54}},"type":"binary-expr","locations":[{"start":{"line":63,"column":29},"end":{"line":63,"column":48}},{"start":{"line":63,"column":52},"end":{"line":63,"column":54}}],"line":63}},"s":{"0":11,"1":11,"2":11,"3":11,"4":11,"5":11,"6":10,"7":9,"8":10,"9":10,"10":11,"11":10,"12":4,"13":11,"14":9,"15":9,"16":9,"17":0,"18":0,"19":0,"20":0,"21":0,"22":0,"23":11,"24":10,"25":10,"26":11},"f":{"0":11,"1":10,"2":10,"3":10,"4":9,"5":0,"6":10},"b":{"0":[9,1],"1":[4,6],"2":[9,9],"3":[9,9],"4":[0,0],"5":[10,10],"6":[11,11]},"_coverageSchema":"1a1c01bbd47fc00a2c39e90264f33305004495a9","hash":"74665a774c611b30e870c0d8e527b548e52f710e"}
,"C:\\ReactJS Program\\React Quiz App\\react-quiz-app\\src\\features\\Constants.ts": {"path":"C:\\ReactJS Program\\React Quiz App\\react-quiz-app\\src\\features\\Constants.ts","statementMap":{"0":{"start":{"line":1,"column":50},"end":{"line":5,"column":1}}},"fnMap":{},"branchMap":{},"s":{"0":5},"f":{},"b":{},"_coverageSchema":"1a1c01bbd47fc00a2c39e90264f33305004495a9","hash":"b48da72eb068e5fb0f33bf8666663ca55ebedf48"}
,"C:\\ReactJS Program\\React Quiz App\\react-quiz-app\\src\\features\\Utils.ts": {"path":"C:\\ReactJS Program\\React Quiz App\\react-quiz-app\\src\\features\\Utils.ts","statementMap":{"0":{"start":{"line":3,"column":4},"end":{"line":3,"column":61}}},"fnMap":{"0":{"name":"(anonymous_0)","decl":{"start":{"line":2,"column":2},"end":{"line":2,"column":3}},"loc":{"start":{"line":2,"column":34},"end":{"line":4,"column":3}},"line":2}},"branchMap":{},"s":{"0":10},"f":{"0":10},"b":{},"_coverageSchema":"1a1c01bbd47fc00a2c39e90264f33305004495a9","hash":"57bf44f9c0139b699d8a3747d7e46a5c12fd0e38"}
,"C:\\ReactJS Program\\React Quiz App\\react-quiz-app\\src\\features\\quizSlice\\quizSlice.ts": {"path":"C:\\ReactJS Program\\React Quiz App\\react-quiz-app\\src\\features\\quizSlice\\quizSlice.ts","statementMap":{"0":{"start":{"line":5,"column":36},"end":{"line":14,"column":1}},"1":{"start":{"line":16,"column":18},"end":{"line":59,"column":2}},"2":{"start":{"line":21,"column":6},"end":{"line":21,"column":44}},"3":{"start":{"line":24,"column":22},"end":{"line":24,"column":73}},"4":{"start":{"line":24,"column":53},"end":{"line":24,"column":72}},"5":{"start":{"line":25,"column":6},"end":{"line":25,"column":30}},"6":{"start":{"line":28,"column":6},"end":{"line":28,"column":28}},"7":{"start":{"line":31,"column":6},"end":{"line":31,"column":28}},"8":{"start":{"line":34,"column":6},"end":{"line":34,"column":40}},"9":{"start":{"line":37,"column":6},"end":{"line":37,"column":22}},"10":{"start":{"line":40,"column":6},"end":{"line":40,"column":23}},"11":{"start":{"line":43,"column":6},"end":{"line":43,"column":39}},"12":{"start":{"line":46,"column":6},"end":{"line":46,"column":40}},"13":{"start":{"line":49,"column":23},"end":{"line":49,"column":37}},"14":{"start":{"line":50,"column":19},"end":{"line":50,"column":56}},"15":{"start":{"line":52,"column":6},"end":{"line":56,"column":7}},"16":{"start":{"line":53,"column":8},"end":{"line":53,"column":54}},"17":{"start":{"line":55,"column":8},"end":{"line":55,"column":50}},"18":{"start":{"line":62,"column":30},"end":{"line":62,"column":76}},"19":{"start":{"line":62,"column":66},"end":{"line":62,"column":76}},"20":{"start":{"line":74,"column":4},"end":{"line":74,"column":21}}},"fnMap":{"0":{"name":"(anonymous_0)","decl":{"start":{"line":20,"column":18},"end":{"line":20,"column":19}},"loc":{"start":{"line":20,"column":37},"end":{"line":22,"column":5}},"line":20},"1":{"name":"(anonymous_1)","decl":{"start":{"line":23,"column":16},"end":{"line":23,"column":17}},"loc":{"start":{"line":23,"column":35},"end":{"line":26,"column":5}},"line":23},"2":{"name":"(anonymous_2)","decl":{"start":{"line":24,"column":47},"end":{"line":24,"column":48}},"loc":{"start":{"line":24,"column":53},"end":{"line":24,"column":72}},"line":24},"3":{"name":"(anonymous_3)","decl":{"start":{"line":27,"column":21},"end":{"line":27,"column":22}},"loc":{"start":{"line":27,"column":32},"end":{"line":29,"column":5}},"line":27},"4":{"name":"(anonymous_4)","decl":{"start":{"line":30,"column":25},"end":{"line":30,"column":26}},"loc":{"start":{"line":30,"column":36},"end":{"line":32,"column":5}},"line":30},"5":{"name":"(anonymous_5)","decl":{"start":{"line":33,"column":19},"end":{"line":33,"column":20}},"loc":{"start":{"line":33,"column":38},"end":{"line":35,"column":5}},"line":33},"6":{"name":"(anonymous_6)","decl":{"start":{"line":36,"column":16},"end":{"line":36,"column":17}},"loc":{"start":{"line":36,"column":27},"end":{"line":38,"column":5}},"line":36},"7":{"name":"(anonymous_7)","decl":{"start":{"line":39,"column":20},"end":{"line":39,"column":21}},"loc":{"start":{"line":39,"column":31},"end":{"line":41,"column":5}},"line":39},"8":{"name":"(anonymous_8)","decl":{"start":{"line":42,"column":20},"end":{"line":42,"column":21}},"loc":{"start":{"line":42,"column":31},"end":{"line":44,"column":5}},"line":42},"9":{"name":"(anonymous_9)","decl":{"start":{"line":45,"column":19},"end":{"line":45,"column":20}},"loc":{"start":{"line":45,"column":38},"end":{"line":47,"column":5}},"line":45},"10":{"name":"(anonymous_10)","decl":{"start":{"line":48,"column":17},"end":{"line":48,"column":18}},"loc":{"start":{"line":48,"column":36},"end":{"line":57,"column":5}},"line":48},"11":{"name":"(anonymous_11)","decl":{"start":{"line":62,"column":30},"end":{"line":62,"column":31}},"loc":{"start":{"line":62,"column":66},"end":{"line":62,"column":76}},"line":62}},"branchMap":{"0":{"loc":{"start":{"line":52,"column":6},"end":{"line":56,"column":7}},"type":"if","locations":[{"start":{"line":52,"column":6},"end":{"line":56,"column":7}},{"start":{"line":54,"column":13},"end":{"line":56,"column":7}}],"line":52}},"s":{"0":8,"1":8,"2":1,"3":1,"4":5,"5":1,"6":1,"7":3,"8":1,"9":1,"10":1,"11":1,"12":1,"13":2,"14":2,"15":2,"16":1,"17":1,"18":8,"19":17,"20":8},"f":{"0":1,"1":1,"2":5,"3":1,"4":3,"5":1,"6":1,"7":1,"8":1,"9":1,"10":2,"11":17},"b":{"0":[1,1]},"_coverageSchema":"1a1c01bbd47fc00a2c39e90264f33305004495a9","hash":"4340124fb62d40c6397cd279191a22c44b1bb7d0"}
,"C:\\ReactJS Program\\React Quiz App\\react-quiz-app\\src\\features\\timerSlice\\timerSlice.ts": {"path":"C:\\ReactJS Program\\React Quiz App\\react-quiz-app\\src\\features\\timerSlice\\timerSlice.ts","statementMap":{"0":{"start":{"line":4,"column":37},"end":{"line":6,"column":1}},"1":{"start":{"line":8,"column":19},"end":{"line":16,"column":2}},"2":{"start":{"line":13,"column":6},"end":{"line":13,"column":35}},"3":{"start":{"line":19,"column":31},"end":{"line":20,"column":13}},"4":{"start":{"line":20,"column":2},"end":{"line":20,"column":13}},"5":{"start":{"line":21,"column":28},"end":{"line":21,"column":46}}},"fnMap":{"0":{"name":"(anonymous_0)","decl":{"start":{"line":12,"column":14},"end":{"line":12,"column":15}},"loc":{"start":{"line":12,"column":33},"end":{"line":14,"column":5}},"line":12},"1":{"name":"(anonymous_1)","decl":{"start":{"line":19,"column":31},"end":{"line":19,"column":32}},"loc":{"start":{"line":20,"column":2},"end":{"line":20,"column":13}},"line":20}},"branchMap":{},"s":{"0":8,"1":8,"2":21,"3":8,"4":14,"5":8},"f":{"0":21,"1":14},"b":{},"_coverageSchema":"1a1c01bbd47fc00a2c39e90264f33305004495a9","hash":"4a7c0771007e2d897a8138c25b76bf796d6060f7"}
}
