TN:
SF:src\App.tsx
FN:7,App
FNF:1
FNH:1
FNDA:2,App
DA:8,2
DA:10,2
LF:2
LH:2
BRDA:10,0,0,1
BRDA:10,0,1,1
BRF:2
BRH:2
end_of_record
TN:
SF:src\main.tsx
FNF:0
FNH:0
DA:8,0
LF:1
LH:0
BRF:0
BRH:0
end_of_record
TN:
SF:src\Pages\HomePage\HomePage.tsx
FN:12,HomePage
FN:28,fetchQuestions
FN:37,handleStart
FNF:3
FNH:3
FNDA:3,HomePage
FNDA:1,fetchQuestions
FNDA:1,handleStart
DA:13,3
DA:14,3
DA:17,3
DA:22,3
DA:26,3
DA:29,1
DA:30,1
DA:31,0
DA:33,0
DA:38,1
DA:40,1
DA:41,1
DA:42,1
DA:46,3
LF:14
LH:12
BRDA:17,0,0,1
BRDA:17,0,1,2
BRDA:22,1,0,1
BRDA:22,1,1,2
BRDA:40,2,0,1
BRDA:40,2,1,0
BRF:6
BRH:5
end_of_record
TN:
SF:src\Pages\QuizPage\QuizPage.tsx
FN:18,QuizPage
FN:24,(anonymous_1)
FN:64,(anonymous_2)
FNF:3
FNH:3
FNDA:6,QuizPage
FNDA:2,(anonymous_1)
FNDA:1,(anonymous_2)
DA:19,6
DA:21,6
DA:22,6
DA:24,6
DA:25,2
DA:26,1
DA:28,1
DA:29,1
DA:30,1
DA:31,1
DA:33,2
DA:36,6
DA:64,1
LF:13
LH:13
BRDA:25,0,0,1
BRDA:25,0,1,1
BRDA:43,1,0,5
BRDA:43,1,1,1
BRDA:60,2,0,5
BRDA:60,2,1,2
BRDA:62,3,0,2
BRDA:62,3,1,3
BRF:8
BRH:8
end_of_record
TN:
SF:src\app\redux-hooks.ts
FN:3,(anonymous_0)
FNF:1
FNH:1
FNDA:5,(anonymous_0)
DA:3,5
DA:4,5
LF:2
LH:2
BRF:0
BRH:0
end_of_record
TN:
SF:src\app\store.ts
FNF:0
FNH:0
DA:5,6
LF:1
LH:1
BRF:0
BRH:0
end_of_record
TN:
SF:src\app\test-app-selector.ts
FN:13,(anonymous_0)
FNF:1
FNH:1
FNDA:10,(anonymous_0)
DA:1,1
DA:13,10
LF:2
LH:2
BRF:0
BRH:0
end_of_record
TN:
SF:src\assets\SelectBoxData.ts
FNF:0
FNH:0
DA:1,8
DA:2,8
LF:2
LH:2
BRF:0
BRH:0
end_of_record
TN:
SF:src\components\CircularProgressbar\CircularProgressbar.tsx
FN:4,CircularProgressbar
FNF:1
FNH:1
FNDA:14,CircularProgressbar
DA:5,14
DA:6,14
DA:7,14
DA:8,14
DA:10,14
LF:5
LH:5
BRF:0
BRH:0
end_of_record
TN:
SF:src\components\Quiz\Quiz.tsx
FN:17,Quiz
FN:24,(anonymous_1)
FN:27,(anonymous_2)
FN:30,(anonymous_3)
FN:35,(anonymous_4)
FN:42,(anonymous_5)
FN:76,(anonymous_6)
FN:91,(anonymous_7)
FN:94,(anonymous_8)
FN:103,(anonymous_9)
FNF:10
FNH:10
FNDA:10,Quiz
FNDA:8,(anonymous_1)
FNDA:12,(anonymous_2)
FNDA:8,(anonymous_3)
FNDA:10,(anonymous_4)
FNDA:30,(anonymous_5)
FNDA:2,(anonymous_6)
FNDA:40,(anonymous_7)
FNDA:20,(anonymous_8)
FNDA:20,(anonymous_9)
DA:18,10
DA:19,10
DA:20,10
DA:21,10
DA:22,10
DA:24,10
DA:25,8
DA:27,12
DA:30,10
DA:31,8
DA:35,10
DA:36,10
DA:37,3
DA:42,10
DA:43,30
DA:67,30
DA:68,630
DA:73,30
DA:76,10
DA:77,2
DA:78,2
DA:79,2
DA:81,2
DA:82,1
DA:84,1
DA:87,2
DA:91,10
DA:92,40
DA:94,10
DA:95,20
DA:97,10
DA:104,20
LF:32
LH:32
BRDA:36,0,0,3
BRDA:36,0,1,7
BRDA:77,1,0,2
BRDA:77,1,1,0
BRDA:77,2,0,2
BRDA:77,2,1,2
BRDA:81,3,0,1
BRDA:81,3,1,1
BRDA:92,4,0,40
BRDA:92,4,1,24
BRDA:92,4,2,16
BRDA:95,5,0,20
BRDA:95,5,1,8
BRDA:95,5,2,4
BRDA:107,6,0,2
BRDA:107,6,1,18
BRDA:111,7,0,20
BRDA:111,7,1,2
BRDA:117,8,0,20
BRDA:117,8,1,1
BRF:20
BRH:19
end_of_record
TN:
SF:src\components\SelectBox\SelectBox.tsx
FN:19,SelectBox
FN:29,(anonymous_1)
FN:34,(anonymous_2)
FN:57,(anonymous_3)
FNF:4
FNH:4
FNDA:11,SelectBox
FNDA:9,(anonymous_1)
FNDA:2,(anonymous_2)
FNDA:102,(anonymous_3)
DA:20,11
DA:22,11
DA:23,11
DA:25,11
DA:29,11
DA:30,9
DA:34,11
DA:35,2
DA:37,2
DA:38,1
DA:40,1
DA:43,2
DA:46,11
DA:58,102
LF:14
LH:14
BRDA:26,0,0,5
BRDA:26,0,1,6
BRDA:26,1,0,6
BRDA:26,1,1,0
BRDA:30,2,0,9
BRDA:30,2,1,4
BRDA:37,3,0,1
BRDA:37,3,1,1
BRF:8
BRH:7
end_of_record
TN:
SF:src\components\Timer\Timer.tsx
FN:14,Timer
FN:21,(anonymous_1)
FN:26,(anonymous_2)
FN:30,(anonymous_3)
FN:36,(anonymous_4)
FN:39,(anonymous_5)
FN:44,(anonymous_6)
FNF:7
FNH:7
FNDA:14,Timer
FNDA:11,(anonymous_1)
FNDA:11,(anonymous_2)
FNDA:11,(anonymous_3)
FNDA:10,(anonymous_4)
FNDA:2,(anonymous_5)
FNDA:11,(anonymous_6)
DA:15,14
DA:16,14
DA:17,14
DA:18,14
DA:19,14
DA:21,14
DA:22,11
DA:23,10
DA:26,11
DA:30,14
DA:31,11
DA:32,4
DA:36,14
DA:37,10
DA:39,10
DA:40,2
DA:44,14
DA:45,11
DA:46,11
DA:49,14
LF:20
LH:20
BRDA:22,0,0,10
BRDA:22,0,1,1
BRDA:31,1,0,4
BRDA:31,1,1,7
BRDA:37,2,0,10
BRDA:37,2,1,10
BRDA:46,3,0,11
BRDA:46,3,1,11
BRDA:54,4,0,14
BRDA:54,4,1,14
BRF:10
BRH:10
end_of_record
TN:
SF:src\features\Constants.ts
FNF:0
FNH:0
DA:1,5
LF:1
LH:1
BRF:0
BRH:0
end_of_record
TN:
SF:src\features\Utils.ts
FN:2,(anonymous_0)
FNF:1
FNH:1
FNDA:10,(anonymous_0)
DA:3,10
LF:1
LH:1
BRF:0
BRH:0
end_of_record
TN:
SF:src\features\quizSlice\quizSlice.ts
FN:20,(anonymous_0)
FN:23,(anonymous_1)
FN:24,(anonymous_2)
FN:27,(anonymous_3)
FN:30,(anonymous_4)
FN:33,(anonymous_5)
FN:36,(anonymous_6)
FN:39,(anonymous_7)
FN:42,(anonymous_8)
FN:45,(anonymous_9)
FN:48,(anonymous_10)
FN:62,(anonymous_11)
FNF:12
FNH:12
FNDA:1,(anonymous_0)
FNDA:1,(anonymous_1)
FNDA:3,(anonymous_2)
FNDA:1,(anonymous_3)
FNDA:3,(anonymous_4)
FNDA:1,(anonymous_5)
FNDA:1,(anonymous_6)
FNDA:1,(anonymous_7)
FNDA:1,(anonymous_8)
FNDA:1,(anonymous_9)
FNDA:2,(anonymous_10)
FNDA:24,(anonymous_11)
DA:5,8
DA:16,8
DA:21,1
DA:24,3
DA:25,1
DA:28,1
DA:31,3
DA:34,1
DA:37,1
DA:40,1
DA:43,1
DA:46,1
DA:49,2
DA:50,2
DA:52,2
DA:53,1
DA:55,1
DA:62,24
DA:74,8
LF:19
LH:19
BRDA:52,0,0,1
BRDA:52,0,1,1
BRF:2
BRH:2
end_of_record
TN:
SF:src\features\timerSlice\timerSlice.ts
FN:12,(anonymous_0)
FN:15,(anonymous_1)
FN:24,(anonymous_2)
FNF:3
FNH:3
FNDA:20,(anonymous_0)
FNDA:4,(anonymous_1)
FNDA:17,(anonymous_2)
DA:4,8
DA:8,8
DA:13,20
DA:16,4
DA:17,3
DA:24,8
DA:25,17
DA:26,8
LF:8
LH:8
BRDA:16,0,0,3
BRDA:16,0,1,1
BRF:2
BRH:2
end_of_record
